3194 -0.09
3195 -0.11
3196 -0.18
3196 -0.18
3197 -0.20
3198 -0.17
3199 -0.18
3200 -0.18
3201 -0.21
3202 -0.23
3203 -0.18
3204 -0.06
3205 -0.14
3206 -0.17
3207 -0.12
3208 -0.13
3209 -0.16
3210 -0.18
3211 -0.14
3212 -0.18
3212 -0.16
3213 -0.19
3214 -0.18
3215 -0.19
3216 -0.24
3217 -0.20
3218 -0.20
3219 -0.17
3220 -0.20
3221 -0.17
3222 -0.13
3223 -0.21
3224 -0.24
3225 -0.23
3226 -0.19
3227 -0.24
3227 -0.22
3228 -0.26
3229 -0.28
3230 -0.21
3231 -0.23
3232 -0.27
3233 -0.27
3234 -0.26
3235 -0.29
3236 -0.21
3237 -0.22
3238 -0.21
3239 -0.20
3240 -0.26
3241 -0.28
3242 -0.26
3243 -0.16
3243 -0.16
3244 -0.19
3245 -0.21
3246 -0.21
3247 -0.21
3248 -0.23
3249 -0.21
3250 -0.27
3251 -0.27
3252 -0.27
3253 -0.24
3254 -0.23
3255 -0.25
3256 -0.28
3257 -0.25
3258 -0.28
3259 -0.22
3259 -0.21
3260 -0.25
3261 -0.26
3262 -0.29
3263 -0.28
3264 -0.30
3265 -0.36
3266 -0.31
3267 -0.29
3268 -0.34
3269 -0.35
3270 -0.30
3271 -0.30
3272 -0.30
3273 -0.36
3274 -0.37
3274 -0.37
3275 -0.40
3276 -0.31
3277 -0.34
3278 -0.34
3279 -0.35
3280 -0.30
3281 -0.25
3282 -0.31
3283 -0.31
3284 -0.34
3285 -0.37
3286 -0.33
3287 -0.35
3288 -0.38
3289 -0.41
3290 -0.42
3290 -0.43
3291 -0.39
3292 -0.38
3293 -0.39
3294 -0.38
3295 -0.41
3296 -0.35
3297 -0.35
3298 -0.39
3299 -0.44
3300 -0.45
3301 -0.37
3302 -0.41
3303 -0.44
3304 -0.38
3305 -0.37
3305 -0.34
3306 -0.41
3307 -0.45
3308 -0.44
3309 -0.46
3310 -0.43
3311 -0.46
3312 -0.45
3313 -0.36
3314 -0.40
3315 -0.43
3316 -0.48
3317 -0.46
3318 -0.40
3319 -0.40
3320 -0.40
3321 -0.44
3321 -0.38
3322 -0.39
3323 -0.41
3324 -0.43
3325 -0.48
3326 -0.51
3327 -0.49
3328 -0.46
3329 -0.42
3330 -0.37
3331 -0.39
3332 -0.36
3333 -0.38
3334 -0.38
3335 -0.45
3336 -0.51
3337 -0.43
3337 -0.40
3338 -0.46
3339 -0.45
3340 -0.48
3341 -0.52
3342 -0.53
3343 -0.50
3344 -0.49
3345 -0.47
3346 -0.49
3347 -0.51
3348 -0.50
3349 -0.53
3350 -0.51
3351 -0.48
3352 -0.43
3352 -0.41
3353 -0.41
3354 -0.44
3355 -0.47
3356 -0.49
3357 -0.47
3358 -0.45
3359 -0.49
3360 -0.51
3361 -0.51
3362 -0.57
3363 -0.55
3364 -0.50
3365 -0.53
3366 -0.53
3367 -0.46
3368 -0.45
3368 -0.51
3369 -0.62
3370 -0.62
3371 -0.64
3372 -0.66
3373 -0.65
3374 -0.67
3375 -0.79
3376 -0.88
3377 -0.83
3378 -0.80
3379 -0.72
3380 -0.86
3381 -0.85
3382 -0.84
3383 -0.87
3383 -0.75
3384 -0.74
3385 -0.87
3386 -0.94
3387 -0.85
3388 -0.86
3389 -0.93
3390 -0.92
3391 -1.00
3392 -1.35
3393 -1.45
3394 -1.44
3395 -1.48
3396 -1.51
3397 -2.04
3398 -1.71
3399 -0.92
3399 -0.86
3400 -0.82
3401 -0.80
3402 -0.82
3403 -0.65
3404 -0.16
3405 -3.07
3406 -11.70
3407 -0.89
3408 10.88
3409 -1.47
3410 -8.89
3411 -4.56
3412 5.99
3413 18.75
3414 26.45
3415 25.40
3415 21.09
3416 17.18
3417 15.94
3418 18.00
3419 13.89
3420 10.98
3421 10.13
3422 12.77
3423 13.80
3424 15.02
3425 14.42
3426 12.51
3427 12.04
3428 12.75
3429 12.65
3430 11.52
3430 11.45
3431 12.08
3432 11.88
3433 12.91
3434 13.67
3435 13.68
3436 13.52
3437 14.28
3438 16.70
3439 16.51
3440 15.99
3441 16.75
3442 18.07
3443 18.75
3444 19.68
3445 21.28
3446 21.99
3446 22.99
3447 22.97
3448 24.01
3449 24.82
3450 24.29
3451 20.13
3452 15.06
3453 10.76
3454 6.96
3455 1.48
3456 -1.49
3457 -0.30
3458 6.42
3459 13.98
3460 13.08
3461 12.60
3461 15.93
3462 18.05
3463 11.15
3464 2.72
3465 -1.12
3466 -5.07
3467 -10.45
3468 -9.69
3469 -11.74
3470 -12.61
3471 -8.95
3472 -9.18
3473 -11.90
3474 -14.19
3475 -14.07
3476 -13.68
3477 -13.11
3477 -10.73
3478 -9.73
3479 -8.77
3480 -7.28
3481 -9.15
3482 -11.87
3483 -12.08
3484 -12.27
3485 -12.51
3486 -13.16
3487 -14.01
3488 -15.02
3489 -16.49
3490 -16.59
3491 -14.90
3492 -14.19
3492 -13.46
3493 -11.77
3494 -9.01
3495 -6.33
3496 -6.30
3497 -6.28
3498 -4.07
3499 -5.07
3500 -8.33
3501 -8.81
3502 -5.92
3503 -5.43
3504 -8.48
3505 -7.10
3506 -5.48
3507 -4.85
3508 -3.01
3508 -0.53
3509 3.06
3510 8.24
3511 14.01
3512 17.53
3513 16.68
3514 12.93
3515 8.46
3516 5.00
3517 4.31
3518 3.22
3519 -0.71
3520 -1.26
3521 2.19
3522 6.10
3523 10.32
3524 17.02
3524 22.81
3525 26.81
3526 29.60
3527 28.59
3528 24.04
3529 18.04
3530 14.20
3531 12.44
3532 11.48
3533 9.34
3534 11.22
3535 9.70
3536 5.39
3537 0.92
3538 1.15
3539 7.36
3539 10.67
3540 12.35
3541 15.35
3542 12.33
3543 8.25
3544 6.73
3545 5.04
3546 2.52
3547 0.25
3548 1.36
3549 1.15
3550 2.60
3551 9.30
3552 12.78
3553 9.15
3554 5.05
3555 5.47
3555 5.31
3556 7.04
3557 8.41
3558 11.52
3559 26.72
3560 33.32
3561 27.47
3562 45.31
3563 52.25
3564 52.47
3565 71.66
3566 84.78
3567 90.40
3568 89.54
3569 97.15
3570 108.19
3570 102.23
3571 102.58
3572 105.51
3573 105.89
3574 99.23
3575 98.13
3576 96.57
3577 90.15
3578 75.20
3579 70.33
3580 73.70
3581 76.57
3582 77.38
3583 76.06
3584 76.33
3585 77.99
3586 75.96
3586 70.97
3587 76.77
3588 78.91
3589 69.29
3590 63.73
3591 64.45
3592 66.67
3593 64.83
3594 61.92
3595 61.87
3596 61.90
3597 60.30
3598 60.45
3599 68.53
3600 69.35
3601 61.27
3602 64.39
3602 72.46
3603 74.31
3604 75.43
3605 76.45
3606 71.94
3607 72.91
3608 75.13
3609 72.46
3610 67.21
3611 64.16
3612 66.87
3613 70.43
3614 70.43
3615 66.00
3616 66.56
3617 68.34
3617 67.16
3618 61.39
3619 52.28
3620 47.53
3621 48.98
3622 56.23
3623 63.64
3624 70.44
3625 92.09
3626 95.52
3627 76.05
3628 63.42
3629 83.86
3630 99.05
3631 100.72
3632 102.66
3633 101.71
3633 91.71
3634 82.11
3635 87.62
3636 89.66
3637 99.97
3638 115.32
3639 122.37
3640 129.95
3641 145.09
3642 156.84
3643 172.26
3644 199.64
3645 231.43
3646 263.71
3647 300.39
3648 339.38
3648 366.62
3649 384.08
3650 394.86
3651 400.51
3652 400.68
3653 398.24
3654 396.49
3655 395.65
3656 396.23
3657 395.92
3658 392.72
3659 387.48
3660 377.71
3661 364.42
3662 345.80
3663 320.90
3664 291.89
3664 265.12
3665 249.14
3666 238.70
3667 229.45
3668 224.61
3669 220.69
3670 215.37
3671 209.27
3672 201.18
3673 181.61
3674 156.59
3675 143.51
3676 142.05
3677 145.51
3678 144.42
3679 131.17
3679 110.32
3680 108.74
3681 107.40
3682 102.00
3683 95.49
3684 95.99
3685 100.88
3686 96.96
3687 94.44
3688 95.11
3689 96.17
3690 98.80
3691 99.13
3692 98.63
3693 97.72
3694 95.97
3695 96.29
3695 94.82
3696 94.84
3697 100.16
3698 106.74
3699 111.72
3700 113.77
3701 116.46
3702 123.28
3703 138.91
3704 149.85
3705 154.57
3706 177.22
3707 258.11
3708 395.24
3709 498.94
3710 530.74
3711 530.05
3711 515.99
3712 486.47
3713 448.95
3714 423.98
3715 415.85
3716 414.46
3717 413.42
3718 409.51
3719 366.35
3720 281.38
3721 265.51
3722 307.75
3723 369.40
3724 422.36
3725 437.76
3726 442.29
3726 453.18
3727 471.07
3728 483.33
3729 494.99
3730 479.48
3731 490.52
3732 557.34
3733 572.50
3734 553.17
3735 523.45
3736 494.88
3737 461.61
3738 432.37
3739 406.76
3740 341.08
3741 288.00
3742 291.09
3742 331.28
3743 379.87
3744 412.12
3745 430.94
3746 450.50
3747 457.62
3748 457.53
3749 460.53
3750 483.84
3751 521.19
3752 558.78
3753 579.59
3754 569.10
3755 532.56
3756 495.81
3757 468.25
3757 446.10
3758 417.27
3759 365.71
3760 315.92
3761 305.05
3762 329.16
3763 367.70
3764 394.10
3765 419.79
3766 438.05
3767 449.77
3768 465.96
3769 478.45
3770 487.07
3771 494.22
3772 520.72
3773 547.42
3773 548.91
3774 531.91
3775 503.71
3776 478.24
3777 458.63
3778 440.92
3779 429.44
3780 424.65
3781 404.77
3782 377.19
3783 368.83
3784 372.33
3785 377.96
3786 384.12
3787 396.54
3788 437.97
3788 544.19
3789 673.02
3790 692.56
3791 556.51
3792 336.04
3793 217.17
3794 235.97
3795 375.35
3796 549.25
3797 656.86
3798 641.05
3799 495.16
3800 304.44
3801 227.57
3802 278.02
3803 387.99
3804 490.08
3804 571.35
3805 588.17
3806 569.01
3807 549.01
3808 532.84
3809 517.99
3810 499.26
3811 480.47
3812 468.92
3813 453.36
3814 423.95
3815 397.76
3816 389.58
3817 394.25
3818 399.35
3819 403.06
3820 414.86
3820 438.17
3821 457.11
3822 463.19
3823 464.38
3824 466.10
3825 467.54
3826 486.65
3827 544.96
3828 592.35
3829 598.82
3830 564.76
3831 511.46
3832 474.30
3833 455.20
3834 431.24
3835 382.75
3835 324.88
3836 304.87
3837 325.81
3838 364.32
3839 405.28
3840 434.36
3841 443.58
3842 444.39
3843 447.80
3844 459.70
3845 482.80
3846 513.57
3847 536.39
3848 541.26
3849 539.89
3850 533.85
3851 518.64
3851 490.16
3852 466.96
3853 456.39
3854 439.62
3855 387.64
3856 336.66
3857 336.66
3858 363.26
3859 393.61
3860 415.89
3861 422.09
3862 422.62
3863 429.71
3864 453.07
3865 474.30
3866 490.80
3866 507.39
3867 539.99
3868 565.72
3869 568.59
3870 550.62
3871 515.60
3872 476.74
3873 455.17
3874 432.72
3875 376.89
3876 321.45
3877 306.29
3878 320.66
3879 352.70
3880 390.38
3881 426.96
3882 456.20
3882 472.28
3883 483.30
3884 509.56
3885 540.27
3886 562.98
3887 576.39
3888 575.28
3889 559.17
3890 525.77
3891 488.95
3892 448.56
3893 422.94
3894 418.92
3895 397.79
3896 355.90
3897 339.45
3897 346.18
3898 368.67
3899 399.59
3900 425.62
3901 448.43
3902 467.44
3903 487.68
3904 493.31
3905 490.88
3906 486.42
3907 483.29
3908 482.16
3909 481.92
3910 482.12
3911 484.11
3912 498.72
3913 542.64
3913 572.19
3914 558.69
3915 504.10
3916 449.89
3917 425.27
3918 413.13
3919 389.54
3920 349.92
3921 315.35
3922 317.19
3923 346.67
3924 384.14
3925 413.62
3926 433.57
3927 446.95
3928 451.72
3929 457.10
3929 469.25
3930 472.72
3931 471.59
3932 470.74
3933 466.37
3934 453.14
3935 431.64
3936 377.66
3937 287.39
3938 179.60
3939 81.73
3940 26.85
3941 20.38
3942 35.17
3943 39.82
3944 34.97
3944 35.79
3945 38.71
3946 39.18
3947 41.74
3948 43.26
3949 45.09
3950 45.20
3951 32.76
3952 21.16
3953 17.33
3954 16.37
3955 17.69
3956 20.56
3957 14.31
3958 5.13
3959 1.04
3960 2.60
3960 2.52
3961 3.07
3962 10.89
3963 17.46
3964 20.90
3965 14.63
3966 0.76
3967 2.65
3968 14.77
3969 16.37
3970 9.75
3971 10.08
3972 16.27
3973 16.97
3974 15.22
3975 13.27
3975 14.90
3976 16.32
3977 14.41
3978 9.38
3979 5.52
3980 4.86
3981 3.82
3982 3.97
3983 4.76
3984 5.24
3985 5.29
3986 5.41
3987 5.55
3988 5.78
3989 5.89
3990 6.04
3991 6.26
3991 6.39
3992 6.45
3993 6.35
3994 6.19
3995 6.09
3996 6.00
3997 5.94
3998 5.94
3999 5.91
4000 5.83
4001 5.76
4002 5.74
4003 5.67
4004 5.68
4005 5.68
4006 5.64
4006 5.63
4007 5.51
4008 5.20
4009 3.51
4010 -1.24
4011 -3.49
4012 -2.53
4013 0.40
4014 2.08
4015 5.48
4016 7.94
4017 10.76
4018 10.45
4019 8.05
4020 6.74
4021 7.55
4022 7.62
4022 8.50
4023 8.42
4024 5.90
4025 2.57
4026 0.69
4027 -0.04
4028 -0.93
4029 -2.28
4030 -1.78
4031 -0.56
4032 -10.45
4033 -18.61
4034 -17.21
4035 -13.44
4036 -11.06
4037 -10.49
4038 -10.06
4038 -10.65
4039 -13.62
4040 -16.23
4041 -16.74
4042 -17.20
4043 -17.14
4044 -17.01
4045 -16.08
4046 -14.10
4047 -3.41
4048 1.07
4049 -4.31
4050 -7.33
4051 -9.37
4052 -4.70
4053 3.95
4053 0.14
4054 0.38
4055 6.32
4056 6.91
4057 3.16
4058 -0.69
4059 -2.18
4060 -1.56
4061 1.55
4062 2.30
4063 0.90
4064 0.92
4065 0.57
4066 0.77
4067 0.82
4068 0.81
4069 0.72
4069 0.64
4070 0.67
4071 0.73
4072 0.74
4073 0.68
4074 0.60
4075 0.60
4076 0.55
4077 0.52
4078 0.66
4079 0.67
4080 0.56
4081 0.47
4082 0.37
4083 0.31
4084 0.31
4084 0.28
4085 0.25
4086 0.27
4087 0.33
4088 0.33
4089 0.30
4090 0.36
4091 0.39
4092 0.39
4093 0.34
4094 0.33
4095 0.32
4096 0.31
4097 0.34
4098 0.39
4099 0.39
4100 0.37
4100 0.40
4101 0.44
4102 0.41
4103 0.36
4104 0.38
4105 0.42
4106 0.36
4107 0.34
4108 0.34
4109 0.37
4110 0.39
4111 0.39
4112 0.46
4113 0.41
4114 0.36
4115 0.37
4115 0.38
4116 0.42
4117 0.44
4118 0.43
4119 0.50
4120 0.49
4121 0.46
4122 0.40
4123 0.43
4124 0.42
4125 0.40
4126 0.43
4127 0.47
4128 0.44
4129 0.43
4130 0.44
4131 0.44
4131 0.43
4132 0.48
4133 0.52
4134 0.52
4135 0.48
4136 0.48
4137 0.47
4138 0.46
4139 0.42
4140 0.44
4141 0.53
4142 0.51
4143 0.56
4144 0.53
4145 0.47
4146 0.53
4146 0.54
4147 0.52
4148 0.45
4150 0.50
4151 0.52
4152 0.47
4153 0.46
4154 0.56
